{"/Users/osmanidiaz/Documents/WebDev/Projects/frontend/Vue/job-search-vue3/app/src/components/Navigation/ProfileImage.vue": {"path":"/Users/osmanidiaz/Documents/WebDev/Projects/frontend/Vue/job-search-vue3/app/src/components/Navigation/ProfileImage.vue","statementMap":{"0":{"start":{"line":9,"column":15},"end":{"line":9,"column":null}},"1":{"start":{"line":12,"column":4},"end":{"line":12,"column":11}}},"fnMap":{"0":{"name":"(anonymous_0)","decl":{"start":{"line":11,"column":2},"end":{"line":11,"column":6}},"loc":{"start":{"line":11,"column":9},"end":{"line":15,"column":null}}}},"branchMap":{},"s":{"0":2,"1":1},"f":{"0":1},"b":{}}
,"/Users/osmanidiaz/Documents/WebDev/Projects/frontend/Vue/job-search-vue3/app/src/components/Navigation/Subnav.vue": {"path":"/Users/osmanidiaz/Documents/WebDev/Projects/frontend/Vue/job-search-vue3/app/src/components/Navigation/Subnav.vue","statementMap":{"0":{"start":{"line":36,"column":15},"end":{"line":36,"column":null}},"1":{"start":{"line":39,"column":4},"end":{"line":39,"column":11}}},"fnMap":{"0":{"name":"(anonymous_0)","decl":{"start":{"line":38,"column":2},"end":{"line":38,"column":6}},"loc":{"start":{"line":38,"column":9},"end":{"line":42,"column":null}}}},"branchMap":{},"s":{"0":2,"1":2},"f":{"0":2},"b":{}}
,"/Users/osmanidiaz/Documents/WebDev/Projects/frontend/Vue/job-search-vue3/app/src/components/Shared/ActionButton.vue": {"path":"/Users/osmanidiaz/Documents/WebDev/Projects/frontend/Vue/job-search-vue3/app/src/components/Shared/ActionButton.vue","statementMap":{"0":{"start":{"line":8,"column":15},"end":{"line":8,"column":null}},"1":{"start":{"line":20,"column":8},"end":{"line":20,"column":15}},"2":{"start":{"line":26,"column":6},"end":{"line":26,"column":13}}},"fnMap":{"0":{"name":"(anonymous_0)","decl":{"start":{"line":19,"column":6},"end":{"line":19,"column":15}},"loc":{"start":{"line":19,"column":23},"end":{"line":21,"column":null}}},"1":{"name":"(anonymous_1)","decl":{"start":{"line":25,"column":4},"end":{"line":25,"column":15}},"loc":{"start":{"line":25,"column":18},"end":{"line":29,"column":null}}}},"branchMap":{},"s":{"0":2,"1":7,"2":2},"f":{"0":7,"1":2},"b":{}}
,"/Users/osmanidiaz/Documents/WebDev/Projects/frontend/Vue/job-search-vue3/app/src/helpers/nextElementInArray.js": {"path":"/Users/osmanidiaz/Documents/WebDev/Projects/frontend/Vue/job-search-vue3/app/src/helpers/nextElementInArray.js","statementMap":{"0":{"start":{"line":1,"column":28},"end":{"line":7,"column":1}},"1":{"start":{"line":2,"column":27},"end":{"line":2,"column":53}},"2":{"start":{"line":3,"column":24},"end":{"line":3,"column":61}},"3":{"start":{"line":4,"column":19},"end":{"line":4,"column":39}},"4":{"start":{"line":6,"column":2},"end":{"line":6,"column":18}}},"fnMap":{"0":{"name":"(anonymous_0)","decl":{"start":{"line":1,"column":28},"end":{"line":1,"column":29}},"loc":{"start":{"line":1,"column":52},"end":{"line":7,"column":1}},"line":1}},"branchMap":{},"s":{"0":2,"1":4,"2":4,"3":4,"4":4},"f":{"0":4},"b":{},"_coverageSchema":"1a1c01bbd47fc00a2c39e90264f33305004495a9","hash":"b39a693df1e38efde8b92b473f129570564c7ee4"}
}
