{"/Users/osmanidiaz/Documents/WebDev/Projects/frontend/Vue/job-search-vue3/app/src/components/ActionButton.vue": {"path":"/Users/osmanidiaz/Documents/WebDev/Projects/frontend/Vue/job-search-vue3/app/src/components/ActionButton.vue","statementMap":{"0":{"start":{"line":8,"column":15},"end":{"line":8,"column":null}},"1":{"start":{"line":23,"column":6},"end":{"line":23,"column":13}}},"fnMap":{"0":{"name":"(anonymous_0)","decl":{"start":{"line":22,"column":4},"end":{"line":22,"column":15}},"loc":{"start":{"line":22,"column":18},"end":{"line":26,"column":null}}}},"branchMap":{},"s":{"0":2,"1":6},"f":{"0":6},"b":{}}
,"/Users/osmanidiaz/Documents/WebDev/Projects/frontend/Vue/job-search-vue3/app/src/components/ProfileImage.vue": {"path":"/Users/osmanidiaz/Documents/WebDev/Projects/frontend/Vue/job-search-vue3/app/src/components/ProfileImage.vue","statementMap":{"0":{"start":{"line":9,"column":15},"end":{"line":9,"column":null}},"1":{"start":{"line":12,"column":4},"end":{"line":12,"column":11}}},"fnMap":{"0":{"name":"(anonymous_0)","decl":{"start":{"line":11,"column":2},"end":{"line":11,"column":6}},"loc":{"start":{"line":11,"column":9},"end":{"line":15,"column":null}}}},"branchMap":{},"s":{"0":1,"1":1},"f":{"0":1},"b":{}}
}
